<?xml version="1.0" encoding="UTF-8"?>
<testsuite name="hello.HelloControllerTest" tests="1" failures="0" errors="0" timestamp="2015-04-02T20:37:41" hostname="ssrb-vpn2-15-198.vpn.ufl.edu" time="0.174">
  <properties/>
  <testcase name="getHello" classname="hello.HelloControllerTest" time="0.174"/>
  <system-out><![CDATA[2015-04-02 16:37:41.401  INFO 15737 --- [    Test worker] o.s.test.context.TestContextManager      : Could not instantiate TestExecutionListener [org.springframework.test.context.transaction.TransactionalTestExecutionListener]. Specify custom listener classes or make the default listener classes (and their required dependencies) available. Offending class: [org/springframework/transaction/interceptor/TransactionAttributeSource]

  .   ____          _            __ _ _
 /\\ / ___'_ __ _ _(_)_ __  __ _ \ \ \ \
( ( )\___ | '_ | '_| | '_ \/ _` | \ \ \ \
 \\/  ___)| |_)| | | | | || (_| |  ) ) ) )
  '  |____| .__|_| |_|_| |_\__, | / / / /
 =========|_|==============|___/=/_/_/_/
 :: Spring Boot ::       (v1.1.10.RELEASE)

2015-04-02 16:37:41.491  INFO 15737 --- [    Test worker] o.s.boot.SpringApplication               : Starting application on ssrb-vpn2-15-198.vpn.ufl.edu with PID 15737 (/Users/vipulmittal/.gradle/caches/modules-2/files-2.1/org.springframework.boot/spring-boot/1.1.10.RELEASE/daa90c4210f77037e06a776e24b624d049cfe7c9/spring-boot-1.1.10.RELEASE.jar started by vipulmittal in /Users/vipulmittal/Documents/MS/gs-spring-boot-master/complete)
2015-04-02 16:37:41.493  INFO 15737 --- [    Test worker] o.s.w.c.s.GenericWebApplicationContext   : Refreshing org.springframework.web.context.support.GenericWebApplicationContext@18bd76f0: startup date [Thu Apr 02 16:37:41 EDT 2015]; root of context hierarchy
2015-04-02 16:37:41.504  INFO 15737 --- [    Test worker] o.s.boot.SpringApplication               : Started application in 0.092 seconds (JVM running for 5.267)
2015-04-02 16:37:41.548  INFO 15737 --- [    Test worker] ilder$StaticRequestMappingHandlerMapping : Mapped "{[/getTeamPerformance],methods=[],params=[],headers=[],consumes=[],produces=[],custom=[]}" onto public java.util.ArrayList<com.baseballanalysis.model.Team> com.baseballanalysis.TeamController.getTeamPerformance(java.lang.String,int,int,javax.servlet.http.HttpServletResponse)
2015-04-02 16:37:41.549  INFO 15737 --- [    Test worker] ilder$StaticRequestMappingHandlerMapping : Mapped "{[/postTry],methods=[POST],params=[],headers=[],consumes=[application/json],produces=[],custom=[]}" onto public com.baseballanalysis.model.Team[] com.baseballanalysis.TeamController.postTry(com.baseballanalysis.model.Team[])
2015-04-02 16:37:41.574  INFO 15737 --- [    Test worker] o.s.mock.web.MockServletContext          : Initializing Spring FrameworkServlet ''
2015-04-02 16:37:41.575  INFO 15737 --- [    Test worker] o.s.t.web.servlet.TestDispatcherServlet  : FrameworkServlet '': initialization started
2015-04-02 16:37:41.575  INFO 15737 --- [    Test worker] o.s.t.web.servlet.TestDispatcherServlet  : FrameworkServlet '': initialization completed in 0 ms
]]></system-out>
  <system-err><![CDATA[]]></system-err>
</testsuite>
